<?xml version="1.0" encoding="UTF-8"?>
<!-- Generated by org.testng.reporters.JUnitXMLReporter -->
<testsuite ignored="0" hostname="MacBook-Pro-Vera.local" failures="1" tests="3" name="Free CRM App Test Cases" time="64.497" errors="0" timestamp="2021-12-14T11:32:35 EET">
  <testcase classname="com.crm.qa.testcases.LoginPageTest" name="loginPageTitleTest" time="0.01"/>
  <testcase classname="com.crm.qa.testcases.LoginPageTest" name="crmLogoImageTest" time="0.136"/>
  <testcase classname="com.crm.qa.testcases.LoginPageTest" name="loginTest" time="53.739">
    <failure type="java.lang.StackOverflowError">
      <![CDATA[java.lang.StackOverflowError
at java.base/sun.nio.cs.StreamEncoder.implWrite(StreamEncoder.java:289)
at java.base/sun.nio.cs.StreamEncoder.write(StreamEncoder.java:131)
at java.base/java.io.OutputStreamWriter.write(OutputStreamWriter.java:205)
at java.base/java.io.BufferedWriter.flushBuffer(BufferedWriter.java:120)
at java.base/java.io.PrintStream.writeln(PrintStream.java:722)
at java.base/java.io.PrintStream.println(PrintStream.java:1028)
at com.crm.qa.util.WebEventListener.onException(WebEventListener.java:65)
at org.openqa.selenium.support.events.EventFiringWebDriver.lambda$new$0(EventFiringWebDriver.java:84)
at jdk.proxy2/jdk.proxy2.$Proxy9.onException(Unknown Source)
at org.openqa.selenium.support.events.EventFiringWebDriver.lambda$new$1(EventFiringWebDriver.java:107)
at jdk.proxy2/jdk.proxy2.$Proxy10.getScreenshotAs(Unknown Source)
at org.openqa.selenium.support.events.EventFiringWebDriver.getScreenshotAs(EventFiringWebDriver.java:302)
at com.crm.qa.util.TestUtil.takeScreenshotAtEndOfTest(TestUtil.java:75)
at com.crm.qa.util.WebEventListener.onException(WebEventListener.java:67)
at org.openqa.selenium.support.events.EventFiringWebDriver.lambda$new$0(EventFiringWebDriver.java:84)
at jdk.proxy2/jdk.proxy2.$Proxy9.onException(Unknown Source)
at org.openqa.selenium.support.events.EventFiringWebDriver.lambda$new$1(EventFiringWebDriver.java:107)
at jdk.proxy2/jdk.proxy2.$Proxy10.getScreenshotAs(Unknown Source)
at org.openqa.selenium.support.events.EventFiringWebDriver.getScreenshotAs(EventFiringWebDriver.java:302)
at com.crm.qa.util.TestUtil.takeScreenshotAtEndOfTest(TestUtil.java:75)
at com.crm.qa.util.WebEventListener.onException(WebEventListener.java:67)
at org.openqa.selenium.support.events.EventFiringWebDriver.lambda$new$0(EventFiringWebDriver.java:84)
at jdk.proxy2/jdk.proxy2.$Proxy9.onException(Unknown Source)
at org.openqa.selenium.support.events.EventFiringWebDriver.lambda$new$1(EventFiringWebDriver.java:107)
at jdk.proxy2/jdk.proxy2.$Proxy10.getScreenshotAs(Unknown Source)
at org.openqa.selenium.support.events.EventFiringWebDriver.getScreenshotAs(EventFiringWebDriver.java:302)
at com.crm.qa.util.TestUtil.takeScreenshotAtEndOfTest(TestUtil.java:75)
at com.crm.qa.util.WebEventListener.onException(WebEventListener.java:67)
at org.openqa.selenium.support.events.EventFiringWebDriver.lambda$new$0(EventFiringWebDriver.java:84)
at jdk.proxy2/jdk.proxy2.$Proxy9.onException(Unknown Source)
at org.openqa.selenium.support.events.EventFiringWebDriver.lambda$new$1(EventFiringWebDriver.java:107)
at jdk.proxy2/jdk.proxy2.$Proxy10.getScreenshotAs(Unknown Source)
at org.openqa.selenium.support.events.EventFiringWebDriver.getScreenshotAs(EventFiringWebDriver.java:302)
at com.crm.qa.util.TestUtil.takeScreenshotAtEndOfTest(TestUtil.java:75)
at com.crm.qa.util.WebEventListener.onException(WebEventListener.java:67)
at org.openqa.selenium.support.events.EventFiringWebDriver.lambda$new$0(EventFiringWebDriver.java:84)
at jdk.proxy2/jdk.proxy2.$Proxy9.onException(Unknown Source)
at org.openqa.selenium.support.events.EventFiringWebDriver.lambda$new$1(EventFiringWebDriver.java:107)
at jdk.proxy2/jdk.proxy2.$Proxy10.getScreenshotAs(Unknown Source)
at org.openqa.selenium.support.events.EventFiringWebDriver.getScreenshotAs(EventFiringWebDriver.java:302)
at com.crm.qa.util.TestUtil.takeScreenshotAtEndOfTest(TestUtil.java:75)
at com.crm.qa.util.WebEventListener.onException(WebEventListener.java:67)
at org.openqa.selenium.support.events.EventFiringWebDriver.lambda$new$0(EventFiringWebDriver.java:84)
at jdk.proxy2/jdk.proxy2.$Proxy9.onException(Unknown Source)
at org.openqa.selenium.support.events.EventFiringWebDriver.lambda$new$1(EventFiringWebDriver.java:107)
at jdk.proxy2/jdk.proxy2.$Proxy10.getScreenshotAs(Unknown Source)
at org.openqa.selenium.support.events.EventFiringWebDriver.getScreenshotAs(EventFiringWebDriver.java:302)
at com.crm.qa.util.TestUtil.takeScreenshotAtEndOfTest(TestUtil.java:75)
at com.crm.qa.util.WebEventListener.onException(WebEventListener.java:67)
at org.openqa.selenium.support.events.EventFiringWebDriver.lambda$new$0(EventFiringWebDriver.java:84)
at jdk.proxy2/jdk.proxy2.$Proxy9.onException(Unknown Source)
at org.openqa.selenium.support.events.EventFiringWebDriver.lambda$new$1(EventFiringWebDriver.java:107)
at jdk.proxy2/jdk.proxy2.$Proxy10.getScreenshotAs(Unknown Source)
at org.openqa.selenium.support.events.EventFiringWebDriver.getScreenshotAs(EventFiringWebDriver.java:302)
at com.crm.qa.util.TestUtil.takeScreenshotAtEndOfTest(TestUtil.java:75)
at com.crm.qa.util.WebEventListener.onException(WebEventListener.java:67)
at org.openqa.selenium.support.events.EventFiringWebDriver.lambda$new$0(EventFiringWebDriver.java:84)
at jdk.proxy2/jdk.proxy2.$Proxy9.onException(Unknown Source)
at org.openqa.selenium.support.events.EventFiringWebDriver.lambda$new$1(EventFiringWebDriver.java:107)
at jdk.proxy2/jdk.proxy2.$Proxy10.getScreenshotAs(Unknown Source)
at org.openqa.selenium.support.events.EventFiringWebDriver.getScreenshotAs(EventFiringWebDriver.java:302)
at com.crm.qa.util.TestUtil.takeScreenshotAtEndOfTest(TestUtil.java:75)
at com.crm.qa.util.WebEventListener.onException(WebEventListener.java:67)
at org.openqa.selenium.support.events.EventFiringWebDriver.lambda$new$0(EventFiringWebDriver.java:84)
at jdk.proxy2/jdk.proxy2.$Proxy9.onException(Unknown Source)
at org.openqa.selenium.support.events.EventFiringWebDriver.lambda$new$1(EventFiringWebDriver.java:107)
at jdk.proxy2/jdk.proxy2.$Proxy10.getScreenshotAs(Unknown Source)
at org.openqa.selenium.support.events.EventFiringWebDriver.getScreenshotAs(EventFiringWebDriver.java:302)
at com.crm.qa.util.TestUtil.takeScreenshotAtEndOfTest(TestUtil.java:75)
at com.crm.qa.util.WebEventListener.onException(WebEventListener.java:67)
at org.openqa.selenium.support.events.EventFiringWebDriver.lambda$new$0(EventFiringWebDriver.java:84)
at jdk.proxy2/jdk.proxy2.$Proxy9.onException(Unknown Source)
at org.openqa.selenium.support.events.EventFiringWebDriver.lambda$new$1(EventFiringWebDriver.java:107)
at jdk.proxy2/jdk.proxy2.$Proxy10.getScreenshotAs(Unknown Source)
at org.openqa.selenium.support.events.EventFiringWebDriver.getScreenshotAs(EventFiringWebDriver.java:302)
at com.crm.qa.util.TestUtil.takeScreenshotAtEndOfTest(TestUtil.java:75)
at com.crm.qa.util.WebEventListener.onException(WebEventListener.java:67)
at org.openqa.selenium.support.events.EventFiringWebDriver.lambda$new$0(EventFiringWebDriver.java:84)
at jdk.proxy2/jdk.proxy2.$Proxy9.onException(Unknown Source)
at org.openqa.selenium.support.events.EventFiringWebDriver.lambda$new$1(EventFiringWebDriver.java:107)
at jdk.proxy2/jdk.proxy2.$Proxy10.getScreenshotAs(Unknown Source)
at org.openqa.selenium.support.events.EventFiringWebDriver.getScreenshotAs(EventFiringWebDriver.java:302)
at com.crm.qa.util.TestUtil.takeScreenshotAtEndOfTest(TestUtil.java:75)
at com.crm.qa.util.WebEventListener.onException(WebEventListener.java:67)
at org.openqa.selenium.support.events.EventFiringWebDriver.lambda$new$0(EventFiringWebDriver.java:84)
at jdk.proxy2/jdk.proxy2.$Proxy9.onException(Unknown Source)
at org.openqa.selenium.support.events.EventFiringWebDriver.lambda$new$1(EventFiringWebDriver.java:107)
at jdk.proxy2/jdk.proxy2.$Proxy10.getScreenshotAs(Unknown Source)
at org.openqa.selenium.support.events.EventFiringWebDriver.getScreenshotAs(EventFiringWebDriver.java:302)
at com.crm.qa.util.TestUtil.takeScreenshotAtEndOfTest(TestUtil.java:75)
at com.crm.qa.util.WebEventListener.onException(WebEventListener.java:67)
at org.openqa.selenium.support.events.EventFiringWebDriver.lambda$new$0(EventFiringWebDriver.java:84)
at jdk.proxy2/jdk.proxy2.$Proxy9.onException(Unknown Source)
at org.openqa.selenium.support.events.EventFiringWebDriver.lambda$new$1(EventFiringWebDriver.java:107)
at jdk.proxy2/jdk.proxy2.$Proxy10.getScreenshotAs(Unknown Source)
at org.openqa.selenium.support.events.EventFiringWebDriver.getScreenshotAs(EventFiringWebDriver.java:302)
at com.crm.qa.util.TestUtil.takeScreenshotAtEndOfTest(TestUtil.java:75)
at com.crm.qa.util.WebEventListener.onException(WebEventListener.java:67)
at org.openqa.selenium.support.events.EventFiringWebDriver.lambda$new$0(EventFiringWebDriver.java:84)
at jdk.proxy2/jdk.proxy2.$Proxy9.onException(Unknown Source)
at org.openqa.selenium.support.events.EventFiringWebDriver.lambda$new$1(EventFiringWebDriver.java:107)
at jdk.proxy2/jdk.proxy2.$Proxy10.getScreenshotAs(Unknown Source)
at org.openqa.selenium.support.events.EventFiringWebDriver.getScreenshotAs(EventFiringWebDriver.java:302)
at com.crm.qa.util.TestUtil.takeScreenshotAtEndOfTest(TestUtil.java:75)
at com.crm.qa.util.WebEventListener.onException(WebEventListener.java:67)
at org.openqa.selenium.support.events.EventFiringWebDriver.lambda$new$0(EventFiringWebDriver.java:84)
at jdk.proxy2/jdk.proxy2.$Proxy9.onException(Unknown Source)
at org.openqa.selenium.support.events.EventFiringWebDriver.lambda$new$1(EventFiringWebDriver.java:107)
at jdk.proxy2/jdk.proxy2.$Proxy10.getScreenshotAs(Unknown Source)
at org.openqa.selenium.support.events.EventFiringWebDriver.getScreenshotAs(EventFiringWebDriver.java:302)
at com.crm.qa.util.TestUtil.takeScreenshotAtEndOfTest(TestUtil.java:75)
at com.crm.qa.util.WebEventListener.onException(WebEventListener.java:67)
at org.openqa.selenium.support.events.EventFiringWebDriver.lambda$new$0(EventFiringWebDriver.java:84)
at jdk.proxy2/jdk.proxy2.$Proxy9.onException(Unknown Source)
at org.openqa.selenium.support.events.EventFiringWebDriver.lambda$new$1(EventFiringWebDriver.java:107)
at jdk.proxy2/jdk.proxy2.$Proxy10.getScreenshotAs(Unknown Source)
at org.openqa.selenium.support.events.EventFiringWebDriver.getScreenshotAs(EventFiringWebDriver.java:302)
at com.crm.qa.util.TestUtil.takeScreenshotAtEndOfTest(TestUtil.java:75)
at com.crm.qa.util.WebEventListener.onException(WebEventListener.java:67)
at org.openqa.selenium.support.events.EventFiringWebDriver.lambda$new$0(EventFiringWebDriver.java:84)
at jdk.proxy2/jdk.proxy2.$Proxy9.onException(Unknown Source)
at org.openqa.selenium.support.events.EventFiringWebDriver.lambda$new$1(EventFiringWebDriver.java:107)
at jdk.proxy2/jdk.proxy2.$Proxy10.getScreenshotAs(Unknown Source)
at org.openqa.selenium.support.events.EventFiringWebDriver.getScreenshotAs(EventFiringWebDriver.java:302)
at com.crm.qa.util.TestUtil.takeScreenshotAtEndOfTest(TestUtil.java:75)
at com.crm.qa.util.WebEventListener.onException(WebEventListener.java:67)
at org.openqa.selenium.support.events.EventFiringWebDriver.lambda$new$0(EventFiringWebDriver.java:84)
at jdk.proxy2/jdk.proxy2.$Proxy9.onException(Unknown Source)
at org.openqa.selenium.support.events.EventFiringWebDriver.lambda$new$1(EventFiringWebDriver.java:107)
at jdk.proxy2/jdk.proxy2.$Proxy10.getScreenshotAs(Unknown Source)
at org.openqa.selenium.support.events.EventFiringWebDriver.getScreenshotAs(EventFiringWebDriver.java:302)
at com.crm.qa.util.TestUtil.takeScreenshotAtEndOfTest(TestUtil.java:75)
at com.crm.qa.util.WebEventListener.onException(WebEventListener.java:67)
at org.openqa.selenium.support.events.EventFiringWebDriver.lambda$new$0(EventFiringWebDriver.java:84)
at jdk.proxy2/jdk.proxy2.$Proxy9.onException(Unknown Source)
at org.openqa.selenium.support.events.EventFiringWebDriver.lambda$new$1(EventFiringWebDriver.java:107)
at jdk.proxy2/jdk.proxy2.$Proxy10.getScreenshotAs(Unknown Source)
at org.openqa.selenium.support.events.EventFiringWebDriver.getScreenshotAs(EventFiringWebDriver.java:302)
at com.crm.qa.util.TestUtil.takeScreenshotAtEndOfTest(TestUtil.java:75)
at com.crm.qa.util.WebEventListener.onException(WebEventListener.java:67)
at org.openqa.selenium.support.events.EventFiringWebDriver.lambda$new$0(EventFiringWebDriver.java:84)
at jdk.proxy2/jdk.proxy2.$Proxy9.onException(Unknown Source)
at org.openqa.selenium.support.events.EventFiringWebDriver.lambda$new$1(EventFiringWebDriver.java:107)
at jdk.proxy2/jdk.proxy2.$Proxy10.getScreenshotAs(Unknown Source)
at org.openqa.selenium.support.events.EventFiringWebDriver.getScreenshotAs(EventFiringWebDriver.java:302)
at com.crm.qa.util.TestUtil.takeScreenshotAtEndOfTest(TestUtil.java:75)
at com.crm.qa.util.WebEventListener.onException(WebEventListener.java:67)
at org.openqa.selenium.support.events.EventFiringWebDriver.lambda$new$0(EventFiringWebDriver.java:84)
at jdk.proxy2/jdk.proxy2.$Proxy9.onException(Unknown Source)
at org.openqa.selenium.support.events.EventFiringWebDriver.lambda$new$1(EventFiringWebDriver.java:107)
at jdk.proxy2/jdk.proxy2.$Proxy10.getScreenshotAs(Unknown Source)
at org.openqa.selenium.support.events.EventFiringWebDriver.getScreenshotAs(EventFiringWebDriver.java:302)
at com.crm.qa.util.TestUtil.takeScreenshotAtEndOfTest(TestUtil.java:75)
at com.crm.qa.util.WebEventListener.onException(WebEventListener.java:67)
at org.openqa.selenium.support.events.EventFiringWebDriver.lambda$new$0(EventFiringWebDriver.java:84)
at jdk.proxy2/jdk.proxy2.$Proxy9.onException(Unknown Source)
at org.openqa.selenium.support.events.EventFiringWebDriver.lambda$new$1(EventFiringWebDriver.java:107)
at jdk.proxy2/jdk.proxy2.$Proxy10.getScreenshotAs(Unknown Source)
at org.openqa.selenium.support.events.EventFiringWebDriver.getScreenshotAs(EventFiringWebDriver.java:302)
at com.crm.qa.util.TestUtil.takeScreenshotAtEndOfTest(TestUtil.java:75)
at com.crm.qa.util.WebEventListener.onException(WebEventListener.java:67)
at org.openqa.selenium.support.events.EventFiringWebDriver.lambda$new$0(EventFiringWebDriver.java:84)
at jdk.proxy2/jdk.proxy2.$Proxy9.onException(Unknown Source)
at org.openqa.selenium.support.events.EventFiringWebDriver.lambda$new$1(EventFiringWebDriver.java:107)
at jdk.proxy2/jdk.proxy2.$Proxy10.getScreenshotAs(Unknown Source)
at org.openqa.selenium.support.events.EventFiringWebDriver.getScreenshotAs(EventFiringWebDriver.java:302)
at com.crm.qa.util.TestUtil.takeScreenshotAtEndOfTest(TestUtil.java:75)
at com.crm.qa.util.WebEventListener.onException(WebEventListener.java:67)
at org.openqa.selenium.support.events.EventFiringWebDriver.lambda$new$0(EventFiringWebDriver.java:84)
at jdk.proxy2/jdk.proxy2.$Proxy9.onException(Unknown Source)
at org.openqa.selenium.support.events.EventFiringWebDriver.lambda$new$1(EventFiringWebDriver.java:107)
at jdk.proxy2/jdk.proxy2.$Proxy10.getScreenshotAs(Unknown Source)
at org.openqa.selenium.support.events.EventFiringWebDriver.getScreenshotAs(EventFiringWebDriver.java:302)
at com.crm.qa.util.TestUtil.takeScreenshotAtEndOfTest(TestUtil.java:75)
at com.crm.qa.util.WebEventListener.onException(WebEventListener.java:67)
at org.openqa.selenium.support.events.EventFiringWebDriver.lambda$new$0(EventFiringWebDriver.java:84)
at jdk.proxy2/jdk.proxy2.$Proxy9.onException(Unknown Source)
at org.openqa.selenium.support.events.EventFiringWebDriver.lambda$new$1(EventFiringWebDriver.java:107)
at jdk.proxy2/jdk.proxy2.$Proxy10.getScreenshotAs(Unknown Source)
at org.openqa.selenium.support.events.EventFiringWebDriver.getScreenshotAs(EventFiringWebDriver.java:302)
at com.crm.qa.util.TestUtil.takeScreenshotAtEndOfTest(TestUtil.java:75)
at com.crm.qa.util.WebEventListener.onException(WebEventListener.java:67)
at org.openqa.selenium.support.events.EventFiringWebDriver.lambda$new$0(EventFiringWebDriver.java:84)
at jdk.proxy2/jdk.proxy2.$Proxy9.onException(Unknown Source)
at org.openqa.selenium.support.events.EventFiringWebDriver.lambda$new$1(EventFiringWebDriver.java:107)
at jdk.proxy2/jdk.proxy2.$Proxy10.getScreenshotAs(Unknown Source)
at org.openqa.selenium.support.events.EventFiringWebDriver.getScreenshotAs(EventFiringWebDriver.java:302)
at com.crm.qa.util.TestUtil.takeScreenshotAtEndOfTest(TestUtil.java:75)
at com.crm.qa.util.WebEventListener.onException(WebEventListener.java:67)
at org.openqa.selenium.support.events.EventFiringWebDriver.lambda$new$0(EventFiringWebDriver.java:84)
at jdk.proxy2/jdk.proxy2.$Proxy9.onException(Unknown Source)
at org.openqa.selenium.support.events.EventFiringWebDriver.lambda$new$1(EventFiringWebDriver.java:107)
at jdk.proxy2/jdk.proxy2.$Proxy10.getScreenshotAs(Unknown Source)
at org.openqa.selenium.support.events.EventFiringWebDriver.getScreenshotAs(EventFiringWebDriver.java:302)
at com.crm.qa.util.TestUtil.takeScreenshotAtEndOfTest(TestUtil.java:75)
at com.crm.qa.util.WebEventListener.onException(WebEventListener.java:67)
at org.openqa.selenium.support.events.EventFiringWebDriver.lambda$new$0(EventFiringWebDriver.java:84)
at jdk.proxy2/jdk.proxy2.$Proxy9.onException(Unknown Source)
at org.openqa.selenium.support.events.EventFiringWebDriver.lambda$new$1(EventFiringWebDriver.java:107)
at jdk.proxy2/jdk.proxy2.$Proxy10.getScreenshotAs(Unknown Source)
at org.openqa.selenium.support.events.EventFiringWebDriver.getScreenshotAs(EventFiringWebDriver.java:302)
at com.crm.qa.util.TestUtil.takeScreenshotAtEndOfTest(TestUtil.java:75)
at com.crm.qa.util.WebEventListener.onException(WebEventListener.java:67)
at org.openqa.selenium.support.events.EventFiringWebDriver.lambda$new$0(EventFiringWebDriver.java:84)
at jdk.proxy2/jdk.proxy2.$Proxy9.onException(Unknown Source)
at org.openqa.selenium.support.events.EventFiringWebDriver.lambda$new$1(EventFiringWebDriver.java:107)
at jdk.proxy2/jdk.proxy2.$Proxy10.getScreenshotAs(Unknown Source)
at org.openqa.selenium.support.events.EventFiringWebDriver.getScreenshotAs(EventFiringWebDriver.java:302)
at com.crm.qa.util.TestUtil.takeScreenshotAtEndOfTest(TestUtil.java:75)
at com.crm.qa.util.WebEventListener.onException(WebEventListener.java:67)
at org.openqa.selenium.support.events.EventFiringWebDriver.lambda$new$0(EventFiringWebDriver.java:84)
at jdk.proxy2/jdk.proxy2.$Proxy9.onException(Unknown Source)
at org.openqa.selenium.support.events.EventFiringWebDriver.lambda$new$1(EventFiringWebDriver.java:107)
at jdk.proxy2/jdk.proxy2.$Proxy10.getScreenshotAs(Unknown Source)
at org.openqa.selenium.support.events.EventFiringWebDriver.getScreenshotAs(EventFiringWebDriver.java:302)
at com.crm.qa.util.TestUtil.takeScreenshotAtEndOfTest(TestUtil.java:75)
at com.crm.qa.util.WebEventListener.onException(WebEventListener.java:67)
at org.openqa.selenium.support.events.EventFiringWebDriver.lambda$new$0(EventFiringWebDriver.java:84)
at jdk.proxy2/jdk.proxy2.$Proxy9.onException(Unknown Source)
at org.openqa.selenium.support.events.EventFiringWebDriver.lambda$new$1(EventFiringWebDriver.java:107)
at jdk.proxy2/jdk.proxy2.$Proxy10.getScreenshotAs(Unknown Source)
at org.openqa.selenium.support.events.EventFiringWebDriver.getScreenshotAs(EventFiringWebDriver.java:302)
at com.crm.qa.util.TestUtil.takeScreenshotAtEndOfTest(TestUtil.java:75)
at com.crm.qa.util.WebEventListener.onException(WebEventListener.java:67)
at org.openqa.selenium.support.events.EventFiringWebDriver.lambda$new$0(EventFiringWebDriver.java:84)
at jdk.proxy2/jdk.proxy2.$Proxy9.onException(Unknown Source)
at org.openqa.selenium.support.events.EventFiringWebDriver.lambda$new$1(EventFiringWebDriver.java:107)
at jdk.proxy2/jdk.proxy2.$Proxy10.getScreenshotAs(Unknown Source)
at org.openqa.selenium.support.events.EventFiringWebDriver.getScreenshotAs(EventFiringWebDriver.java:302)
at com.crm.qa.util.TestUtil.takeScreenshotAtEndOfTest(TestUtil.java:75)
at com.crm.qa.util.WebEventListener.onException(WebEventListener.java:67)
at org.openqa.selenium.support.events.EventFiringWebDriver.lambda$new$0(EventFiringWebDriver.java:84)
at jdk.proxy2/jdk.proxy2.$Proxy9.onException(Unknown Source)
at org.openqa.selenium.support.events.EventFiringWebDriver.lambda$new$1(EventFiringWebDriver.java:107)
at jdk.proxy2/jdk.proxy2.$Proxy10.getScreenshotAs(Unknown Source)
at org.openqa.selenium.support.events.EventFiringWebDriver.getScreenshotAs(EventFiringWebDriver.java:302)
at com.crm.qa.util.TestUtil.takeScreenshotAtEndOfTest(TestUtil.java:75)
at com.crm.qa.util.WebEventListener.onException(WebEventListener.java:67)
at org.openqa.selenium.support.events.EventFiringWebDriver.lambda$new$0(EventFiringWebDriver.java:84)
at jdk.proxy2/jdk.proxy2.$Proxy9.onException(Unknown Source)
at org.openqa.selenium.support.events.EventFiringWebDriver.lambda$new$1(EventFiringWebDriver.java:107)
at jdk.proxy2/jdk.proxy2.$Proxy10.getScreenshotAs(Unknown Source)
at org.openqa.selenium.support.events.EventFiringWebDriver.getScreenshotAs(EventFiringWebDriver.java:302)
at com.crm.qa.util.TestUtil.takeScreenshotAtEndOfTest(TestUtil.java:75)
at com.crm.qa.util.WebEventListener.onException(WebEventListener.java:67)
at org.openqa.selenium.support.events.EventFiringWebDriver.lambda$new$0(EventFiringWebDriver.java:84)
at jdk.proxy2/jdk.proxy2.$Proxy9.onException(Unknown Source)
at org.openqa.selenium.support.events.EventFiringWebDriver.lambda$new$1(EventFiringWebDriver.java:107)
at jdk.proxy2/jdk.proxy2.$Proxy10.getScreenshotAs(Unknown Source)
at org.openqa.selenium.support.events.EventFiringWebDriver.getScreenshotAs(EventFiringWebDriver.java:302)
at com.crm.qa.util.TestUtil.takeScreenshotAtEndOfTest(TestUtil.java:75)
at com.crm.qa.util.WebEventListener.onException(WebEventListener.java:67)
at org.openqa.selenium.support.events.EventFiringWebDriver.lambda$new$0(EventFiringWebDriver.java:84)
at jdk.proxy2/jdk.proxy2.$Proxy9.onException(Unknown Source)
at org.openqa.selenium.support.events.EventFiringWebDriver.lambda$new$1(EventFiringWebDriver.java:107)
at jdk.proxy2/jdk.proxy2.$Proxy10.getScreenshotAs(Unknown Source)
at org.openqa.selenium.support.events.EventFiringWebDriver.getScreenshotAs(EventFiringWebDriver.java:302)
at com.crm.qa.util.TestUtil.takeScreenshotAtEndOfTest(TestUtil.java:75)
at com.crm.qa.util.WebEventListener.onException(WebEventListener.java:67)
at org.openqa.selenium.support.events.EventFiringWebDriver.lambda$new$0(EventFiringWebDriver.java:84)
at jdk.proxy2/jdk.proxy2.$Proxy9.onException(Unknown Source)
at org.openqa.selenium.support.events.EventFiringWebDriver.lambda$new$1(EventFiringWebDriver.java:107)
at jdk.proxy2/jdk.proxy2.$Proxy10.getScreenshotAs(Unknown Source)
at org.openqa.selenium.support.events.EventFiringWebDriver.getScreenshotAs(EventFiringWebDriver.java:302)
at com.crm.qa.util.TestUtil.takeScreenshotAtEndOfTest(TestUtil.java:75)
at com.crm.qa.util.WebEventListener.onException(WebEventListener.java:67)
at org.openqa.selenium.support.events.EventFiringWebDriver.lambda$new$0(EventFiringWebDriver.java:84)
at jdk.proxy2/jdk.proxy2.$Proxy9.onException(Unknown Source)
at org.openqa.selenium.support.events.EventFiringWebDriver.lambda$new$1(EventFiringWebDriver.java:107)
at jdk.proxy2/jdk.proxy2.$Proxy10.getScreenshotAs(Unknown Source)
at org.openqa.selenium.support.events.EventFiringWebDriver.getScreenshotAs(EventFiringWebDriver.java:302)
at com.crm.qa.util.TestUtil.takeScreenshotAtEndOfTest(TestUtil.java:75)
at com.crm.qa.util.WebEventListener.onException(WebEventListener.java:67)
at org.openqa.selenium.support.events.EventFiringWebDriver.lambda$new$0(EventFiringWebDriver.java:84)
at jdk.proxy2/jdk.proxy2.$Proxy9.onException(Unknown Source)
at org.openqa.selenium.support.events.EventFiringWebDriver.lambda$new$1(EventFiringWebDriver.java:107)
at jdk.proxy2/jdk.proxy2.$Proxy10.getScreenshotAs(Unknown Source)
at org.openqa.selenium.support.events.EventFiringWebDriver.getScreenshotAs(EventFiringWebDriver.java:302)
at com.crm.qa.util.TestUtil.takeScreenshotAtEndOfTest(TestUtil.java:75)
at com.crm.qa.util.WebEventListener.onException(WebEventListener.java:67)
at org.openqa.selenium.support.events.EventFiringWebDriver.lambda$new$0(EventFiringWebDriver.java:84)
at jdk.proxy2/jdk.proxy2.$Proxy9.onException(Unknown Source)
at org.openqa.selenium.support.events.EventFiringWebDriver.lambda$new$1(EventFiringWebDriver.java:107)
at jdk.proxy2/jdk.proxy2.$Proxy10.getScreenshotAs(Unknown Source)
at org.openqa.selenium.support.events.EventFiringWebDriver.getScreenshotAs(EventFiringWebDriver.java:302)
at com.crm.qa.util.TestUtil.takeScreenshotAtEndOfTest(TestUtil.java:75)
at com.crm.qa.util.WebEventListener.onException(WebEventListener.java:67)
at org.openqa.selenium.support.events.EventFiringWebDriver.lambda$new$0(EventFiringWebDriver.java:84)
at jdk.proxy2/jdk.proxy2.$Proxy9.onException(Unknown Source)
at org.openqa.selenium.support.events.EventFiringWebDriver.lambda$new$1(EventFiringWebDriver.java:107)
at jdk.proxy2/jdk.proxy2.$Proxy10.getScreenshotAs(Unknown Source)
at org.openqa.selenium.support.events.EventFiringWebDriver.getScreenshotAs(EventFiringWebDriver.java:302)
at com.crm.qa.util.TestUtil.takeScreenshotAtEndOfTest(TestUtil.java:75)
at com.crm.qa.util.WebEventListener.onException(WebEventListener.java:67)
at org.openqa.selenium.support.events.EventFiringWebDriver.lambda$new$0(EventFiringWebDriver.java:84)
at jdk.proxy2/jdk.proxy2.$Proxy9.onException(Unknown Source)
at org.openqa.selenium.support.events.EventFiringWebDriver.lambda$new$1(EventFiringWebDriver.java:107)
at jdk.proxy2/jdk.proxy2.$Proxy10.getScreenshotAs(Unknown Source)
at org.openqa.selenium.support.events.EventFiringWebDriver.getScreenshotAs(EventFiringWebDriver.java:302)
at com.crm.qa.util.TestUtil.takeScreenshotAtEndOfTest(TestUtil.java:75)
at com.crm.qa.util.WebEventListener.onException(WebEventListener.java:67)
at org.openqa.selenium.support.events.EventFiringWebDriver.lambda$new$0(EventFiringWebDriver.java:84)
at jdk.proxy2/jdk.proxy2.$Proxy9.onException(Unknown Source)
at org.openqa.selenium.support.events.EventFiringWebDriver.lambda$new$1(EventFiringWebDriver.java:107)
at jdk.proxy2/jdk.proxy2.$Proxy10.getScreenshotAs(Unknown Source)
at org.openqa.selenium.support.events.EventFiringWebDriver.getScreenshotAs(EventFiringWebDriver.java:302)
at com.crm.qa.util.TestUtil.takeScreenshotAtEndOfTest(TestUtil.java:75)
at com.crm.qa.util.WebEventListener.onException(WebEventListener.java:67)
at org.openqa.selenium.support.events.EventFiringWebDriver.lambda$new$0(EventFiringWebDriver.java:84)
at jdk.proxy2/jdk.proxy2.$Proxy9.onException(Unknown Source)
at org.openqa.selenium.support.events.EventFiringWebDriver.lambda$new$1(EventFiringWebDriver.java:107)
at jdk.proxy2/jdk.proxy2.$Proxy10.getScreenshotAs(Unknown Source)
at org.openqa.selenium.support.events.EventFiringWebDriver.getScreenshotAs(EventFiringWebDriver.java:302)
at com.crm.qa.util.TestUtil.takeScreenshotAtEndOfTest(TestUtil.java:75)
at com.crm.qa.util.WebEventListener.onException(WebEventListener.java:67)
at org.openqa.selenium.support.events.EventFiringWebDriver.lambda$new$0(EventFiringWebDriver.java:84)
at jdk.proxy2/jdk.proxy2.$Proxy9.onException(Unknown Source)
at org.openqa.selenium.support.events.EventFiringWebDriver.lambda$new$1(EventFiringWebDriver.java:107)
at jdk.proxy2/jdk.proxy2.$Proxy10.getScreenshotAs(Unknown Source)
at org.openqa.selenium.support.events.EventFiringWebDriver.getScreenshotAs(EventFiringWebDriver.java:302)
at com.crm.qa.util.TestUtil.takeScreenshotAtEndOfTest(TestUtil.java:75)
at com.crm.qa.util.WebEventListener.onException(WebEventListener.java:67)
at org.openqa.selenium.support.events.EventFiringWebDriver.lambda$new$0(EventFiringWebDriver.java:84)
at jdk.proxy2/jdk.proxy2.$Proxy9.onException(Unknown Source)
at org.openqa.selenium.support.events.EventFiringWebDriver.lambda$new$1(EventFiringWebDriver.java:107)
at jdk.proxy2/jdk.proxy2.$Proxy10.getScreenshotAs(Unknown Source)
at org.openqa.selenium.support.events.EventFiringWebDriver.getScreenshotAs(EventFiringWebDriver.java:302)
at com.crm.qa.util.TestUtil.takeScreenshotAtEndOfTest(TestUtil.java:75)
at com.crm.qa.util.WebEventListener.onException(WebEventListener.java:67)
at org.openqa.selenium.support.events.EventFiringWebDriver.lambda$new$0(EventFiringWebDriver.java:84)
at jdk.proxy2/jdk.proxy2.$Proxy9.onException(Unknown Source)
at org.openqa.selenium.support.events.EventFiringWebDriver.lambda$new$1(EventFiringWebDriver.java:107)
at jdk.proxy2/jdk.proxy2.$Proxy10.getScreenshotAs(Unknown Source)
at org.openqa.selenium.support.events.EventFiringWebDriver.getScreenshotAs(EventFiringWebDriver.java:302)
at com.crm.qa.util.TestUtil.takeScreenshotAtEndOfTest(TestUtil.java:75)
at com.crm.qa.util.WebEventListener.onException(WebEventListener.java:67)
at org.openqa.selenium.support.events.EventFiringWebDriver.lambda$new$0(EventFiringWebDriver.java:84)
at jdk.proxy2/jdk.proxy2.$Proxy9.onException(Unknown Source)
at org.openqa.selenium.support.events.EventFiringWebDriver.lambda$new$1(EventFiringWebDriver.java:107)
at jdk.proxy2/jdk.proxy2.$Proxy10.getScreenshotAs(Unknown Source)
at org.openqa.selenium.support.events.EventFiringWebDriver.getScreenshotAs(EventFiringWebDriver.java:302)
at com.crm.qa.util.TestUtil.takeScreenshotAtEndOfTest(TestUtil.java:75)
at com.crm.qa.util.WebEventListener.onException(WebEventListener.java:67)
at org.openqa.selenium.support.events.EventFiringWebDriver.lambda$new$0(EventFiringWebDriver.java:84)
at jdk.proxy2/jdk.proxy2.$Proxy9.onException(Unknown Source)
at org.openqa.selenium.support.events.EventFiringWebDriver.lambda$new$1(EventFiringWebDriver.java:107)
at jdk.proxy2/jdk.proxy2.$Proxy10.getScreenshotAs(Unknown Source)
at org.openqa.selenium.support.events.EventFiringWebDriver.getScreenshotAs(EventFiringWebDriver.java:302)
at com.crm.qa.util.TestUtil.takeScreenshotAtEndOfTest(TestUtil.java:75)
at com.crm.qa.util.WebEventListener.onException(WebEventListener.java:67)
at org.openqa.selenium.support.events.EventFiringWebDriver.lambda$new$0(EventFiringWebDriver.java:84)
at jdk.proxy2/jdk.proxy2.$Proxy9.onException(Unknown Source)
at org.openqa.selenium.support.events.EventFiringWebDriver.lambda$new$1(EventFiringWebDriver.java:107)
at jdk.proxy2/jdk.proxy2.$Proxy10.getScreenshotAs(Unknown Source)
at org.openqa.selenium.support.events.EventFiringWebDriver.getScreenshotAs(EventFiringWebDriver.java:302)
at com.crm.qa.util.TestUtil.takeScreenshotAtEndOfTest(TestUtil.java:75)
at com.crm.qa.util.WebEventListener.onException(WebEventListener.java:67)
at org.openqa.selenium.support.events.EventFiringWebDriver.lambda$new$0(EventFiringWebDriver.java:84)
at jdk.proxy2/jdk.proxy2.$Proxy9.onException(Unknown Source)
at org.openqa.selenium.support.events.EventFiringWebDriver.lambda$new$1(EventFiringWebDriver.java:107)
at jdk.proxy2/jdk.proxy2.$Proxy10.getScreenshotAs(Unknown Source)
at org.openqa.selenium.support.events.EventFiringWebDriver.getScreenshotAs(EventFiringWebDriver.java:302)
at com.crm.qa.util.TestUtil.takeScreenshotAtEndOfTest(TestUtil.java:75)
at com.crm.qa.util.WebEventListener.onException(WebEventListener.java:67)
at org.openqa.selenium.support.events.EventFiringWebDriver.lambda$new$0(EventFiringWebDriver.java:84)
at jdk.proxy2/jdk.proxy2.$Proxy9.onException(Unknown Source)
at org.openqa.selenium.support.events.EventFiringWebDriver.lambda$new$1(EventFiringWebDriver.java:107)
at jdk.proxy2/jdk.proxy2.$Proxy10.getScreenshotAs(Unknown Source)
at org.openqa.selenium.support.events.EventFiringWebDriver.getScreenshotAs(EventFiringWebDriver.java:302)
at com.crm.qa.util.TestUtil.takeScreenshotAtEndOfTest(TestUtil.java:75)
at com.crm.qa.util.WebEventListener.onException(WebEventListener.java:67)
at org.openqa.selenium.support.events.EventFiringWebDriver.lambda$new$0(EventFiringWebDriver.java:84)
at jdk.proxy2/jdk.proxy2.$Proxy9.onException(Unknown Source)
at org.openqa.selenium.support.events.EventFiringWebDriver.lambda$new$1(EventFiringWebDriver.java:107)
at jdk.proxy2/jdk.proxy2.$Proxy10.getScreenshotAs(Unknown Source)
at org.openqa.selenium.support.events.EventFiringWebDriver.getScreenshotAs(EventFiringWebDriver.java:302)
at com.crm.qa.util.TestUtil.takeScreenshotAtEndOfTest(TestUtil.java:75)
at com.crm.qa.util.WebEventListener.onException(WebEventListener.java:67)
at org.openqa.selenium.support.events.EventFiringWebDriver.lambda$new$0(EventFiringWebDriver.java:84)
at jdk.proxy2/jdk.proxy2.$Proxy9.onException(Unknown Source)
at org.openqa.selenium.support.events.EventFiringWebDriver.lambda$new$1(EventFiringWebDriver.java:107)
at jdk.proxy2/jdk.proxy2.$Proxy10.getScreenshotAs(Unknown Source)
at org.openqa.selenium.support.events.EventFiringWebDriver.getScreenshotAs(EventFiringWebDriver.java:302)
at com.crm.qa.util.TestUtil.takeScreenshotAtEndOfTest(TestUtil.java:75)
at com.crm.qa.util.WebEventListener.onException(WebEventListener.java:67)
at org.openqa.selenium.support.events.EventFiringWebDriver.lambda$new$0(EventFiringWebDriver.java:84)
at jdk.proxy2/jdk.proxy2.$Proxy9.onException(Unknown Source)
at org.openqa.selenium.support.events.EventFiringWebDriver.lambda$new$1(EventFiringWebDriver.java:107)
at jdk.proxy2/jdk.proxy2.$Proxy10.getScreenshotAs(Unknown Source)
at org.openqa.selenium.support.events.EventFiringWebDriver.getScreenshotAs(EventFiringWebDriver.java:302)
at com.crm.qa.util.TestUtil.takeScreenshotAtEndOfTest(TestUtil.java:75)
at com.crm.qa.util.WebEventListener.onException(WebEventListener.java:67)
at org.openqa.selenium.support.events.EventFiringWebDriver.lambda$new$0(EventFiringWebDriver.java:84)
at jdk.proxy2/jdk.proxy2.$Proxy9.onException(Unknown Source)
at org.openqa.selenium.support.events.EventFiringWebDriver.lambda$new$1(EventFiringWebDriver.java:107)
at jdk.proxy2/jdk.proxy2.$Proxy10.getScreenshotAs(Unknown Source)
at org.openqa.selenium.support.events.EventFiringWebDriver.getScreenshotAs(EventFiringWebDriver.java:302)
at com.crm.qa.util.TestUtil.takeScreenshotAtEndOfTest(TestUtil.java:75)
at com.crm.qa.util.WebEventListener.onException(WebEventListener.java:67)
at org.openqa.selenium.support.events.EventFiringWebDriver.lambda$new$0(EventFiringWebDriver.java:84)
at jdk.proxy2/jdk.proxy2.$Proxy9.onException(Unknown Source)
at org.openqa.selenium.support.events.EventFiringWebDriver.lambda$new$1(EventFiringWebDriver.java:107)
at jdk.proxy2/jdk.proxy2.$Proxy10.getScreenshotAs(Unknown Source)
at org.openqa.selenium.support.events.EventFiringWebDriver.getScreenshotAs(EventFiringWebDriver.java:302)
at com.crm.qa.util.TestUtil.takeScreenshotAtEndOfTest(TestUtil.java:75)
at com.crm.qa.util.WebEventListener.onException(WebEventListener.java:67)
at org.openqa.selenium.support.events.EventFiringWebDriver.lambda$new$0(EventFiringWebDriver.java:84)
at jdk.proxy2/jdk.proxy2.$Proxy9.onException(Unknown Source)
at org.openqa.selenium.support.events.EventFiringWebDriver.lambda$new$1(EventFiringWebDriver.java:107)
at jdk.proxy2/jdk.proxy2.$Proxy10.getScreenshotAs(Unknown Source)
at org.openqa.selenium.support.events.EventFiringWebDriver.getScreenshotAs(EventFiringWebDriver.java:302)
at com.crm.qa.util.TestUtil.takeScreenshotAtEndOfTest(TestUtil.java:75)
at com.crm.qa.util.WebEventListener.onException(WebEventListener.java:67)
at org.openqa.selenium.support.events.EventFiringWebDriver.lambda$new$0(EventFiringWebDriver.java:84)
at jdk.proxy2/jdk.proxy2.$Proxy9.onException(Unknown Source)
at org.openqa.selenium.support.events.EventFiringWebDriver.lambda$new$1(EventFiringWebDriver.java:107)
at jdk.proxy2/jdk.proxy2.$Proxy10.getScreenshotAs(Unknown Source)
at org.openqa.selenium.support.events.EventFiringWebDriver.getScreenshotAs(EventFiringWebDriver.java:302)
at com.crm.qa.util.TestUtil.takeScreenshotAtEndOfTest(TestUtil.java:75)
at com.crm.qa.util.WebEventListener.onException(WebEventListener.java:67)
at org.openqa.selenium.support.events.EventFiringWebDriver.lambda$new$0(EventFiringWebDriver.java:84)
at jdk.proxy2/jdk.proxy2.$Proxy9.onException(Unknown Source)
at org.openqa.selenium.support.events.EventFiringWebDriver.lambda$new$1(EventFiringWebDriver.java:107)
at jdk.proxy2/jdk.proxy2.$Proxy10.getScreenshotAs(Unknown Source)
at org.openqa.selenium.support.events.EventFiringWebDriver.getScreenshotAs(EventFiringWebDriver.java:302)
at com.crm.qa.util.TestUtil.takeScreenshotAtEndOfTest(TestUtil.java:75)
at com.crm.qa.util.WebEventListener.onException(WebEventListener.java:67)
at org.openqa.selenium.support.events.EventFiringWebDriver.lambda$new$0(EventFiringWebDriver.java:84)
at jdk.proxy2/jdk.proxy2.$Proxy9.onException(Unknown Source)
at org.openqa.selenium.support.events.EventFiringWebDriver.lambda$new$1(EventFiringWebDriver.java:107)
at jdk.proxy2/jdk.proxy2.$Proxy10.getScreenshotAs(Unknown Source)
at org.openqa.selenium.support.events.EventFiringWebDriver.getScreenshotAs(EventFiringWebDriver.java:302)
at com.crm.qa.util.TestUtil.takeScreenshotAtEndOfTest(TestUtil.java:75)
at com.crm.qa.util.WebEventListener.onException(WebEventListener.java:67)
at org.openqa.selenium.support.events.EventFiringWebDriver.lambda$new$0(EventFiringWebDriver.java:84)
at jdk.proxy2/jdk.proxy2.$Proxy9.onException(Unknown Source)
at org.openqa.selenium.support.events.EventFiringWebDriver.lambda$new$1(EventFiringWebDriver.java:107)
at jdk.proxy2/jdk.proxy2.$Proxy10.getScreenshotAs(Unknown Source)
at org.openqa.selenium.support.events.EventFiringWebDriver.getScreenshotAs(EventFiringWebDriver.java:302)
at com.crm.qa.util.TestUtil.takeScreenshotAtEndOfTest(TestUtil.java:75)
at com.crm.qa.util.WebEventListener.onException(WebEventListener.java:67)
at org.openqa.selenium.support.events.EventFiringWebDriver.lambda$new$0(EventFiringWebDriver.java:84)
at jdk.proxy2/jdk.proxy2.$Proxy9.onException(Unknown Source)
at org.openqa.selenium.support.events.EventFiringWebDriver.lambda$new$1(EventFiringWebDriver.java:107)
at jdk.proxy2/jdk.proxy2.$Proxy10.getScreenshotAs(Unknown Source)
at org.openqa.selenium.support.events.EventFiringWebDriver.getScreenshotAs(EventFiringWebDriver.java:302)
at com.crm.qa.util.TestUtil.takeScreenshotAtEndOfTest(TestUtil.java:75)
at com.crm.qa.util.WebEventListener.onException(WebEventListener.java:67)
at org.openqa.selenium.support.events.EventFiringWebDriver.lambda$new$0(EventFiringWebDriver.java:84)
at jdk.proxy2/jdk.proxy2.$Proxy9.onException(Unknown Source)
at org.openqa.selenium.support.events.EventFiringWebDriver.lambda$new$1(EventFiringWebDriver.java:107)
at jdk.proxy2/jdk.proxy2.$Proxy10.getScreenshotAs(Unknown Source)
at org.openqa.selenium.support.events.EventFiringWebDriver.getScreenshotAs(EventFiringWebDriver.java:302)
at com.crm.qa.util.TestUtil.takeScreenshotAtEndOfTest(TestUtil.java:75)
at com.crm.qa.util.WebEventListener.onException(WebEventListener.java:67)
at org.openqa.selenium.support.events.EventFiringWebDriver.lambda$new$0(EventFiringWebDriver.java:84)
at jdk.proxy2/jdk.proxy2.$Proxy9.onException(Unknown Source)
at org.openqa.selenium.support.events.EventFiringWebDriver.lambda$new$1(EventFiringWebDriver.java:107)
at jdk.proxy2/jdk.proxy2.$Proxy10.getScreenshotAs(Unknown Source)
at org.openqa.selenium.support.events.EventFiringWebDriver.getScreenshotAs(EventFiringWebDriver.java:302)
at com.crm.qa.util.TestUtil.takeScreenshotAtEndOfTest(TestUtil.java:75)
at com.crm.qa.util.WebEventListener.onException(WebEventListener.java:67)
at org.openqa.selenium.support.events.EventFiringWebDriver.lambda$new$0(EventFiringWebDriver.java:84)
at jdk.proxy2/jdk.proxy2.$Proxy9.onException(Unknown Source)
at org.openqa.selenium.support.events.EventFiringWebDriver.lambda$new$1(EventFiringWebDriver.java:107)
at jdk.proxy2/jdk.proxy2.$Proxy10.getScreenshotAs(Unknown Source)
at org.openqa.selenium.support.events.EventFiringWebDriver.getScreenshotAs(EventFiringWebDriver.java:302)
at com.crm.qa.util.TestUtil.takeScreenshotAtEndOfTest(TestUtil.java:75)
at com.crm.qa.util.WebEventListener.onException(WebEventListener.java:67)
at org.openqa.selenium.support.events.EventFiringWebDriver.lambda$new$0(EventFiringWebDriver.java:84)
at jdk.proxy2/jdk.proxy2.$Proxy9.onException(Unknown Source)
at org.openqa.selenium.support.events.EventFiringWebDriver.lambda$new$1(EventFiringWebDriver.java:107)
at jdk.proxy2/jdk.proxy2.$Proxy10.getScreenshotAs(Unknown Source)
at org.openqa.selenium.support.events.EventFiringWebDriver.getScreenshotAs(EventFiringWebDriver.java:302)
at com.crm.qa.util.TestUtil.takeScreenshotAtEndOfTest(TestUtil.java:75)
at com.crm.qa.util.WebEventListener.onException(WebEventListener.java:67)
at org.openqa.selenium.support.events.EventFiringWebDriver.lambda$new$0(EventFiringWebDriver.java:84)
at jdk.proxy2/jdk.proxy2.$Proxy9.onException(Unknown Source)
at org.openqa.selenium.support.events.EventFiringWebDriver.lambda$new$1(EventFiringWebDriver.java:107)
at jdk.proxy2/jdk.proxy2.$Proxy10.getScreenshotAs(Unknown Source)
at org.openqa.selenium.support.events.EventFiringWebDriver.getScreenshotAs(EventFiringWebDriver.java:302)
at com.crm.qa.util.TestUtil.takeScreenshotAtEndOfTest(TestUtil.java:75)
at com.crm.qa.util.WebEventListener.onException(WebEventListener.java:67)
at org.openqa.selenium.support.events.EventFiringWebDriver.lambda$new$0(EventFiringWebDriver.java:84)
at jdk.proxy2/jdk.proxy2.$Proxy9.onException(Unknown Source)
at org.openqa.selenium.support.events.EventFiringWebDriver.lambda$new$1(EventFiringWebDriver.java:107)
at jdk.proxy2/jdk.proxy2.$Proxy10.getScreenshotAs(Unknown Source)
at org.openqa.selenium.support.events.EventFiringWebDriver.getScreenshotAs(EventFiringWebDriver.java:302)
at com.crm.qa.util.TestUtil.takeScreenshotAtEndOfTest(TestUtil.java:75)
at com.crm.qa.util.WebEventListener.onException(WebEventListener.java:67)
at org.openqa.selenium.support.events.EventFiringWebDriver.lambda$new$0(EventFiringWebDriver.java:84)
at jdk.proxy2/jdk.proxy2.$Proxy9.onException(Unknown Source)
at org.openqa.selenium.support.events.EventFiringWebDriver.lambda$new$1(EventFiringWebDriver.java:107)
at jdk.proxy2/jdk.proxy2.$Proxy10.getScreenshotAs(Unknown Source)
at org.openqa.selenium.support.events.EventFiringWebDriver.getScreenshotAs(EventFiringWebDriver.java:302)
at com.crm.qa.util.TestUtil.takeScreenshotAtEndOfTest(TestUtil.java:75)
at com.crm.qa.util.WebEventListener.onException(WebEventListener.java:67)
at org.openqa.selenium.support.events.EventFiringWebDriver.lambda$new$0(EventFiringWebDriver.java:84)
at jdk.proxy2/jdk.proxy2.$Proxy9.onException(Unknown Source)
at org.openqa.selenium.support.events.EventFiringWebDriver.lambda$new$1(EventFiringWebDriver.java:107)
at jdk.proxy2/jdk.proxy2.$Proxy10.getScreenshotAs(Unknown Source)
at org.openqa.selenium.support.events.EventFiringWebDriver.getScreenshotAs(EventFiringWebDriver.java:302)
at com.crm.qa.util.TestUtil.takeScreenshotAtEndOfTest(TestUtil.java:75)
at com.crm.qa.util.WebEventListener.onException(WebEventListener.java:67)
at org.openqa.selenium.support.events.EventFiringWebDriver.lambda$new$0(EventFiringWebDriver.java:84)
at jdk.proxy2/jdk.proxy2.$Proxy9.onException(Unknown Source)
at org.openqa.selenium.support.events.EventFiringWebDriver.lambda$new$1(EventFiringWebDriver.java:107)
at jdk.proxy2/jdk.proxy2.$Proxy10.getScreenshotAs(Unknown Source)
at org.openqa.selenium.support.events.EventFiringWebDriver.getScreenshotAs(EventFiringWebDriver.java:302)
at com.crm.qa.util.TestUtil.takeScreenshotAtEndOfTest(TestUtil.java:75)
at com.crm.qa.util.WebEventListener.onException(WebEventListener.java:67)
at org.openqa.selenium.support.events.EventFiringWebDriver.lambda$new$0(EventFiringWebDriver.java:84)
at jdk.proxy2/jdk.proxy2.$Proxy9.onException(Unknown Source)
at org.openqa.selenium.support.events.EventFiringWebDriver.lambda$new$1(EventFiringWebDriver.java:107)
at jdk.proxy2/jdk.proxy2.$Proxy10.getScreenshotAs(Unknown Source)
at org.openqa.selenium.support.events.EventFiringWebDriver.getScreenshotAs(EventFiringWebDriver.java:302)
at com.crm.qa.util.TestUtil.takeScreenshotAtEndOfTest(TestUtil.java:75)
at com.crm.qa.util.WebEventListener.onException(WebEventListener.java:67)
at org.openqa.selenium.support.events.EventFiringWebDriver.lambda$new$0(EventFiringWebDriver.java:84)
at jdk.proxy2/jdk.proxy2.$Proxy9.onException(Unknown Source)
at org.openqa.selenium.support.events.EventFiringWebDriver.lambda$new$1(EventFiringWebDriver.java:107)
at jdk.proxy2/jdk.proxy2.$Proxy10.getScreenshotAs(Unknown Source)
at org.openqa.selenium.support.events.EventFiringWebDriver.getScreenshotAs(EventFiringWebDriver.java:302)
at com.crm.qa.util.TestUtil.takeScreenshotAtEndOfTest(TestUtil.java:75)
at com.crm.qa.util.WebEventListener.onException(WebEventListener.java:67)
at org.openqa.selenium.support.events.EventFiringWebDriver.lambda$new$0(EventFiringWebDriver.java:84)
at jdk.proxy2/jdk.proxy2.$Proxy9.onException(Unknown Source)
at org.openqa.selenium.support.events.EventFiringWebDriver.lambda$new$1(EventFiringWebDriver.java:107)
at jdk.proxy2/jdk.proxy2.$Proxy10.getScreenshotAs(Unknown Source)
at org.openqa.selenium.support.events.EventFiringWebDriver.getScreenshotAs(EventFiringWebDriver.java:302)
at com.crm.qa.util.TestUtil.takeScreenshotAtEndOfTest(TestUtil.java:75)
at com.crm.qa.util.WebEventListener.onException(WebEventListener.java:67)
at org.openqa.selenium.support.events.EventFiringWebDriver.lambda$new$0(EventFiringWebDriver.java:84)
at jdk.proxy2/jdk.proxy2.$Proxy9.onException(Unknown Source)
at org.openqa.selenium.support.events.EventFiringWebDriver.lambda$new$1(EventFiringWebDriver.java:107)
at jdk.proxy2/jdk.proxy2.$Proxy10.getScreenshotAs(Unknown Source)
at org.openqa.selenium.support.events.EventFiringWebDriver.getScreenshotAs(EventFiringWebDriver.java:302)
at com.crm.qa.util.TestUtil.takeScreenshotAtEndOfTest(TestUtil.java:75)
at com.crm.qa.util.WebEventListener.onException(WebEventListener.java:67)
at org.openqa.selenium.support.events.EventFiringWebDriver.lambda$new$0(EventFiringWebDriver.java:84)
at jdk.proxy2/jdk.proxy2.$Proxy9.onException(Unknown Source)
at org.openqa.selenium.support.events.EventFiringWebDriver.lambda$new$1(EventFiringWebDriver.java:107)
at jdk.proxy2/jdk.proxy2.$Proxy10.getScreenshotAs(Unknown Source)
at org.openqa.selenium.support.events.EventFiringWebDriver.getScreenshotAs(EventFiringWebDriver.java:302)
at com.crm.qa.util.TestUtil.takeScreenshotAtEndOfTest(TestUtil.java:75)
at com.crm.qa.util.WebEventListener.onException(WebEventListener.java:67)
at org.openqa.selenium.support.events.EventFiringWebDriver.lambda$new$0(EventFiringWebDriver.java:84)
at jdk.proxy2/jdk.proxy2.$Proxy9.onException(Unknown Source)
at org.openqa.selenium.support.events.EventFiringWebDriver.lambda$new$1(EventFiringWebDriver.java:107)
at jdk.proxy2/jdk.proxy2.$Proxy10.getScreenshotAs(Unknown Source)
at org.openqa.selenium.support.events.EventFiringWebDriver.getScreenshotAs(EventFiringWebDriver.java:302)
at com.crm.qa.util.TestUtil.takeScreenshotAtEndOfTest(TestUtil.java:75)
at com.crm.qa.util.WebEventListener.onException(WebEventListener.java:67)
at org.openqa.selenium.support.events.EventFiringWebDriver.lambda$new$0(EventFiringWebDriver.java:84)
at jdk.proxy2/jdk.proxy2.$Proxy9.onException(Unknown Source)
at org.openqa.selenium.support.events.EventFiringWebDriver.lambda$new$1(EventFiringWebDriver.java:107)
at jdk.proxy2/jdk.proxy2.$Proxy10.getScreenshotAs(Unknown Source)
at org.openqa.selenium.support.events.EventFiringWebDriver.getScreenshotAs(EventFiringWebDriver.java:302)
at com.crm.qa.util.TestUtil.takeScreenshotAtEndOfTest(TestUtil.java:75)
at com.crm.qa.util.WebEventListener.onException(WebEventListener.java:67)
at org.openqa.selenium.support.events.EventFiringWebDriver.lambda$new$0(EventFiringWebDriver.java:84)
at jdk.proxy2/jdk.proxy2.$Proxy9.onException(Unknown Source)
at org.openqa.selenium.support.events.EventFiringWebDriver.lambda$new$1(EventFiringWebDriver.java:107)
at jdk.proxy2/jdk.proxy2.$Proxy10.getScreenshotAs(Unknown Source)
at org.openqa.selenium.support.events.EventFiringWebDriver.getScreenshotAs(EventFiringWebDriver.java:302)
at com.crm.qa.util.TestUtil.takeScreenshotAtEndOfTest(TestUtil.java:75)
at com.crm.qa.util.WebEventListener.onException(WebEventListener.java:67)
at org.openqa.selenium.support.events.EventFiringWebDriver.lambda$new$0(EventFiringWebDriver.java:84)
at jdk.proxy2/jdk.proxy2.$Proxy9.onException(Unknown Source)
at org.openqa.selenium.support.events.EventFiringWebDriver.lambda$new$1(EventFiringWebDriver.java:107)
at jdk.proxy2/jdk.proxy2.$Proxy10.getScreenshotAs(Unknown Source)
at org.openqa.selenium.support.events.EventFiringWebDriver.getScreenshotAs(EventFiringWebDriver.java:302)
at com.crm.qa.util.TestUtil.takeScreenshotAtEndOfTest(TestUtil.java:75)
at com.crm.qa.util.WebEventListener.onException(WebEventListener.java:67)
at org.openqa.selenium.support.events.EventFiringWebDriver.lambda$new$0(EventFiringWebDriver.java:84)
at jdk.proxy2/jdk.proxy2.$Proxy9.onException(Unknown Source)
at org.openqa.selenium.support.events.EventFiringWebDriver.lambda$new$1(EventFiringWebDriver.java:107)
at jdk.proxy2/jdk.proxy2.$Proxy10.getScreenshotAs(Unknown Source)
at org.openqa.selenium.support.events.EventFiringWebDriver.getScreenshotAs(EventFiringWebDriver.java:302)
at com.crm.qa.util.TestUtil.takeScreenshotAtEndOfTest(TestUtil.java:75)
at com.crm.qa.util.WebEventListener.onException(WebEventListener.java:67)
at org.openqa.selenium.support.events.EventFiringWebDriver.lambda$new$0(EventFiringWebDriver.java:84)
at jdk.proxy2/jdk.proxy2.$Proxy9.onException(Unknown Source)
at org.openqa.selenium.support.events.EventFiringWebDriver.lambda$new$1(EventFiringWebDriver.java:107)
at jdk.proxy2/jdk.proxy2.$Proxy10.getScreenshotAs(Unknown Source)
at org.openqa.selenium.support.events.EventFiringWebDriver.getScreenshotAs(EventFiringWebDriver.java:302)
at com.crm.qa.util.TestUtil.takeScreenshotAtEndOfTest(TestUtil.java:75)
at com.crm.qa.util.WebEventListener.onException(WebEventListener.java:67)
at org.openqa.selenium.support.events.EventFiringWebDriver.lambda$new$0(EventFiringWebDriver.java:84)
at jdk.proxy2/jdk.proxy2.$Proxy9.onException(Unknown Source)
at org.openqa.selenium.support.events.EventFiringWebDriver.lambda$new$1(EventFiringWebDriver.java:107)
at jdk.proxy2/jdk.proxy2.$Proxy10.getScreenshotAs(Unknown Source)
at org.openqa.selenium.support.events.EventFiringWebDriver.getScreenshotAs(EventFiringWebDriver.java:302)
at com.crm.qa.util.TestUtil.takeScreenshotAtEndOfTest(TestUtil.java:75)
at com.crm.qa.util.WebEventListener.onException(WebEventListener.java:67)
at org.openqa.selenium.support.events.EventFiringWebDriver.lambda$new$0(EventFiringWebDriver.java:84)
at jdk.proxy2/jdk.proxy2.$Proxy9.onException(Unknown Source)
at org.openqa.selenium.support.events.EventFiringWebDriver.lambda$new$1(EventFiringWebDriver.java:107)
at jdk.proxy2/jdk.proxy2.$Proxy10.getScreenshotAs(Unknown Source)
at org.openqa.selenium.support.events.EventFiringWebDriver.getScreenshotAs(EventFiringWebDriver.java:302)
at com.crm.qa.util.TestUtil.takeScreenshotAtEndOfTest(TestUtil.java:75)
at com.crm.qa.util.WebEventListener.onException(WebEventListener.java:67)
at org.openqa.selenium.support.events.EventFiringWebDriver.lambda$new$0(EventFiringWebDriver.java:84)
at jdk.proxy2/jdk.proxy2.$Proxy9.onException(Unknown Source)
at org.openqa.selenium.support.events.EventFiringWebDriver.lambda$new$1(EventFiringWebDriver.java:107)
at jdk.proxy2/jdk.proxy2.$Proxy10.getScreenshotAs(Unknown Source)
at org.openqa.selenium.support.events.EventFiringWebDriver.getScreenshotAs(EventFiringWebDriver.java:302)
at com.crm.qa.util.TestUtil.takeScreenshotAtEndOfTest(TestUtil.java:75)
at com.crm.qa.util.WebEventListener.onException(WebEventListener.java:67)
at org.openqa.selenium.support.events.EventFiringWebDriver.lambda$new$0(EventFiringWebDriver.java:84)
at jdk.proxy2/jdk.proxy2.$Proxy9.onException(Unknown Source)
at org.openqa.selenium.support.events.EventFiringWebDriver.lambda$new$1(EventFiringWebDriver.java:107)
at jdk.proxy2/jdk.proxy2.$Proxy10.getScreenshotAs(Unknown Source)
at org.openqa.selenium.support.events.EventFiringWebDriver.getScreenshotAs(EventFiringWebDriver.java:302)
at com.crm.qa.util.TestUtil.takeScreenshotAtEndOfTest(TestUtil.java:75)
at com.crm.qa.util.WebEventListener.onException(WebEventListener.java:67)
at org.openqa.selenium.support.events.EventFiringWebDriver.lambda$new$0(EventFiringWebDriver.java:84)
at jdk.proxy2/jdk.proxy2.$Proxy9.onException(Unknown Source)
at org.openqa.selenium.support.events.EventFiringWebDriver.lambda$new$1(EventFiringWebDriver.java:107)
at jdk.proxy2/jdk.proxy2.$Proxy10.getScreenshotAs(Unknown Source)
at org.openqa.selenium.support.events.EventFiringWebDriver.getScreenshotAs(EventFiringWebDriver.java:302)
at com.crm.qa.util.TestUtil.takeScreenshotAtEndOfTest(TestUtil.java:75)
at com.crm.qa.util.WebEventListener.onException(WebEventListener.java:67)
at org.openqa.selenium.support.events.EventFiringWebDriver.lambda$new$0(EventFiringWebDriver.java:84)
at jdk.proxy2/jdk.proxy2.$Proxy9.onException(Unknown Source)
at org.openqa.selenium.support.events.EventFiringWebDriver.lambda$new$1(EventFiringWebDriver.java:107)
at jdk.proxy2/jdk.proxy2.$Proxy10.getScreenshotAs(Unknown Source)
at org.openqa.selenium.support.events.EventFiringWebDriver.getScreenshotAs(EventFiringWebDriver.java:302)
at com.crm.qa.util.TestUtil.takeScreenshotAtEndOfTest(TestUtil.java:75)
at com.crm.qa.util.WebEventListener.onException(WebEventListener.java:67)
at org.openqa.selenium.support.events.EventFiringWebDriver.lambda$new$0(EventFiringWebDriver.java:84)
at jdk.proxy2/jdk.proxy2.$Proxy9.onException(Unknown Source)
at org.openqa.selenium.support.events.EventFiringWebDriver.lambda$new$1(EventFiringWebDriver.java:107)
at jdk.proxy2/jdk.proxy2.$Proxy10.getScreenshotAs(Unknown Source)
at org.openqa.selenium.support.events.EventFiringWebDriver.getScreenshotAs(EventFiringWebDriver.java:302)
at com.crm.qa.util.TestUtil.takeScreenshotAtEndOfTest(TestUtil.java:75)
at com.crm.qa.util.WebEventListener.onException(WebEventListener.java:67)
at org.openqa.selenium.support.events.EventFiringWebDriver.lambda$new$0(EventFiringWebDriver.java:84)
at jdk.proxy2/jdk.proxy2.$Proxy9.onException(Unknown Source)
at org.openqa.selenium.support.events.EventFiringWebDriver.lambda$new$1(EventFiringWebDriver.java:107)
at jdk.proxy2/jdk.proxy2.$Proxy10.getScreenshotAs(Unknown Source)
at org.openqa.selenium.support.events.EventFiringWebDriver.getScreenshotAs(EventFiringWebDriver.java:302)
at com.crm.qa.util.TestUtil.takeScreenshotAtEndOfTest(TestUtil.java:75)
at com.crm.qa.util.WebEventListener.onException(WebEventListener.java:67)
at org.openqa.selenium.support.events.EventFiringWebDriver.lambda$new$0(EventFiringWebDriver.java:84)
at jdk.proxy2/jdk.proxy2.$Proxy9.onException(Unknown Source)
at org.openqa.selenium.support.events.EventFiringWebDriver.lambda$new$1(EventFiringWebDriver.java:107)
at jdk.proxy2/jdk.proxy2.$Proxy10.getScreenshotAs(Unknown Source)
at org.openqa.selenium.support.events.EventFiringWebDriver.getScreenshotAs(EventFiringWebDriver.java:302)
at com.crm.qa.util.TestUtil.takeScreenshotAtEndOfTest(TestUtil.java:75)
at com.crm.qa.util.WebEventListener.onException(WebEventListener.java:67)
at org.openqa.selenium.support.events.EventFiringWebDriver.lambda$new$0(EventFiringWebDriver.java:84)
at jdk.proxy2/jdk.proxy2.$Proxy9.onException(Unknown Source)
at org.openqa.selenium.support.events.EventFiringWebDriver.lambda$new$1(EventFiringWebDriver.java:107)
at jdk.proxy2/jdk.proxy2.$Proxy10.getScreenshotAs(Unknown Source)
at org.openqa.selenium.support.events.EventFiringWebDriver.getScreenshotAs(EventFiringWebDriver.java:302)
at com.crm.qa.util.TestUtil.takeScreenshotAtEndOfTest(TestUtil.java:75)
at com.crm.qa.util.WebEventListener.onException(WebEventListener.java:67)
at org.openqa.selenium.support.events.EventFiringWebDriver.lambda$new$0(EventFiringWebDriver.java:84)
at jdk.proxy2/jdk.proxy2.$Proxy9.onException(Unknown Source)
at org.openqa.selenium.support.events.EventFiringWebDriver.lambda$new$1(EventFiringWebDriver.java:107)
at jdk.proxy2/jdk.proxy2.$Proxy10.getScreenshotAs(Unknown Source)
at org.openqa.selenium.support.events.EventFiringWebDriver.getScreenshotAs(EventFiringWebDriver.java:302)
at com.crm.qa.util.TestUtil.takeScreenshotAtEndOfTest(TestUtil.java:75)
at com.crm.qa.util.WebEventListener.onException(WebEventListener.java:67)
at org.openqa.selenium.support.events.EventFiringWebDriver.lambda$new$0(EventFiringWebDriver.java:84)
at jdk.proxy2/jdk.proxy2.$Proxy9.onException(Unknown Source)
at org.openqa.selenium.support.events.EventFiringWebDriver.lambda$new$1(EventFiringWebDriver.java:107)
at jdk.proxy2/jdk.proxy2.$Proxy10.getScreenshotAs(Unknown Source)
at org.openqa.selenium.support.events.EventFiringWebDriver.getScreenshotAs(EventFiringWebDriver.java:302)
at com.crm.qa.util.TestUtil.takeScreenshotAtEndOfTest(TestUtil.java:75)
at com.crm.qa.util.WebEventListener.onException(WebEventListener.java:67)
at org.openqa.selenium.support.events.EventFiringWebDriver.lambda$new$0(EventFiringWebDriver.java:84)
at jdk.proxy2/jdk.proxy2.$Proxy9.onException(Unknown Source)
at org.openqa.selenium.support.events.EventFiringWebDriver.lambda$new$1(EventFiringWebDriver.java:107)
at jdk.proxy2/jdk.proxy2.$Proxy10.getScreenshotAs(Unknown Source)
at org.openqa.selenium.support.events.EventFiringWebDriver.getScreenshotAs(EventFiringWebDriver.java:302)
at com.crm.qa.util.TestUtil.takeScreenshotAtEndOfTest(TestUtil.java:75)
at com.crm.qa.util.WebEventListener.onException(WebEventListener.java:67)
at org.openqa.selenium.support.events.EventFiringWebDriver.lambda$new$0(EventFiringWebDriver.java:84)
at jdk.proxy2/jdk.proxy2.$Proxy9.onException(Unknown Source)
at org.openqa.selenium.support.events.EventFiringWebDriver.lambda$new$1(EventFiringWebDriver.java:107)
at jdk.proxy2/jdk.proxy2.$Proxy10.getScreenshotAs(Unknown Source)
at org.openqa.selenium.support.events.EventFiringWebDriver.getScreenshotAs(EventFiringWebDriver.java:302)
at com.crm.qa.util.TestUtil.takeScreenshotAtEndOfTest(TestUtil.java:75)
at com.crm.qa.util.WebEventListener.onException(WebEventListener.java:67)
at org.openqa.selenium.support.events.EventFiringWebDriver.lambda$new$0(EventFiringWebDriver.java:84)
at jdk.proxy2/jdk.proxy2.$Proxy9.onException(Unknown Source)
at org.openqa.selenium.support.events.EventFiringWebDriver.lambda$new$1(EventFiringWebDriver.java:107)
at jdk.proxy2/jdk.proxy2.$Proxy10.getScreenshotAs(Unknown Source)
at org.openqa.selenium.support.events.EventFiringWebDriver.getScreenshotAs(EventFiringWebDriver.java:302)
at com.crm.qa.util.TestUtil.takeScreenshotAtEndOfTest(TestUtil.java:75)
at com.crm.qa.util.WebEventListener.onException(WebEventListener.java:67)
at org.openqa.selenium.support.events.EventFiringWebDriver.lambda$new$0(EventFiringWebDriver.java:84)
at jdk.proxy2/jdk.proxy2.$Proxy9.onException(Unknown Source)
at org.openqa.selenium.support.events.EventFiringWebDriver.lambda$new$1(EventFiringWebDriver.java:107)
at jdk.proxy2/jdk.proxy2.$Proxy10.getScreenshotAs(Unknown Source)
at org.openqa.selenium.support.events.EventFiringWebDriver.getScreenshotAs(EventFiringWebDriver.java:302)
at com.crm.qa.util.TestUtil.takeScreenshotAtEndOfTest(TestUtil.java:75)
at com.crm.qa.util.WebEventListener.onException(WebEventListener.java:67)
at org.openqa.selenium.support.events.EventFiringWebDriver.lambda$new$0(EventFiringWebDriver.java:84)
at jdk.proxy2/jdk.proxy2.$Proxy9.onException(Unknown Source)
at org.openqa.selenium.support.events.EventFiringWebDriver.lambda$new$1(EventFiringWebDriver.java:107)
at jdk.proxy2/jdk.proxy2.$Proxy10.getScreenshotAs(Unknown Source)
at org.openqa.selenium.support.events.EventFiringWebDriver.getScreenshotAs(EventFiringWebDriver.java:302)
at com.crm.qa.util.TestUtil.takeScreenshotAtEndOfTest(TestUtil.java:75)
at com.crm.qa.util.WebEventListener.onException(WebEventListener.java:67)
at org.openqa.selenium.support.events.EventFiringWebDriver.lambda$new$0(EventFiringWebDriver.java:84)
at jdk.proxy2/jdk.proxy2.$Proxy9.onException(Unknown Source)
at org.openqa.selenium.support.events.EventFiringWebDriver.lambda$new$1(EventFiringWebDriver.java:107)
at jdk.proxy2/jdk.proxy2.$Proxy10.getScreenshotAs(Unknown Source)
at org.openqa.selenium.support.events.EventFiringWebDriver.getScreenshotAs(EventFiringWebDriver.java:302)
at com.crm.qa.util.TestUtil.takeScreenshotAtEndOfTest(TestUtil.java:75)
at com.crm.qa.util.WebEventListener.onException(WebEventListener.java:67)
at org.openqa.selenium.support.events.EventFiringWebDriver.lambda$new$0(EventFiringWebDriver.java:84)
at jdk.proxy2/jdk.proxy2.$Proxy9.onException(Unknown Source)
at org.openqa.selenium.support.events.EventFiringWebDriver.lambda$new$1(EventFiringWebDriver.java:107)
at jdk.proxy2/jdk.proxy2.$Proxy10.getScreenshotAs(Unknown Source)
... Removed 306 stack frames]]>
    </failure>
  </testcase> <!-- loginTest -->
</testsuite> <!-- Free CRM App Test Cases -->
