-------------------------------------------------------------------------------
Test set: TestSuite
-------------------------------------------------------------------------------
Tests run: 3, Failures: 1, Errors: 0, Skipped: 0, Time elapsed: 39.541 s <<< FAILURE! - in TestSuite
loginTest(com.crm.qa.testcases.LoginPageTest)  Time elapsed: 13.766 s  <<< FAILURE!
java.lang.StackOverflowError

