<?xml version="1.0" encoding="UTF-8"?>
<testng-results ignored="0" total="3" passed="3" failed="0" skipped="0">
  <reporter-output>
  </reporter-output>
  <suite started-at="2021-12-09T14:15:28 EET" name="FREE CRM Application Test Suit" finished-at="2021-12-09T14:15:44 EET" duration-ms="15716">
    <groups>
    </groups>
    <test started-at="2021-12-09T14:15:28 EET" name="Free CRM App Test Cases" finished-at="2021-12-09T14:15:44 EET" duration-ms="15716">
      <class name="com.crm.qa.testcases.LoginPageTest">
        <test-method is-config="true" signature="setUp()[pri:0, instance:com.crm.qa.testcases.LoginPageTest@1e04fa0a]" started-at="2021-12-09T14:15:28 EET" name="setUp" finished-at="2021-12-09T14:15:33 EET" duration-ms="4647" status="PASS">
          <reporter-output>
          </reporter-output>
        </test-method> <!-- setUp -->
        <test-method signature="loginPageTitleTest()[pri:1, instance:com.crm.qa.testcases.LoginPageTest@1e04fa0a]" started-at="2021-12-09T14:15:33 EET" name="loginPageTitleTest" finished-at="2021-12-09T14:15:33 EET" duration-ms="12" status="PASS">
          <reporter-output>
          </reporter-output>
        </test-method> <!-- loginPageTitleTest -->
        <test-method is-config="true" signature="tearDown()[pri:0, instance:com.crm.qa.testcases.LoginPageTest@1e04fa0a]" started-at="2021-12-09T14:15:33 EET" name="tearDown" finished-at="2021-12-09T14:15:33 EET" duration-ms="98" status="PASS">
          <reporter-output>
          </reporter-output>
        </test-method> <!-- tearDown -->
        <test-method is-config="true" signature="setUp()[pri:0, instance:com.crm.qa.testcases.LoginPageTest@1e04fa0a]" started-at="2021-12-09T14:15:33 EET" name="setUp" finished-at="2021-12-09T14:15:36 EET" duration-ms="3083" status="PASS">
          <reporter-output>
          </reporter-output>
        </test-method> <!-- setUp -->
        <test-method signature="crmLogoImageTest()[pri:2, instance:com.crm.qa.testcases.LoginPageTest@1e04fa0a]" started-at="2021-12-09T14:15:36 EET" name="crmLogoImageTest" finished-at="2021-12-09T14:15:36 EET" duration-ms="53" status="PASS">
          <reporter-output>
          </reporter-output>
        </test-method> <!-- crmLogoImageTest -->
        <test-method is-config="true" signature="tearDown()[pri:0, instance:com.crm.qa.testcases.LoginPageTest@1e04fa0a]" started-at="2021-12-09T14:15:36 EET" name="tearDown" finished-at="2021-12-09T14:15:36 EET" duration-ms="102" status="PASS">
          <reporter-output>
          </reporter-output>
        </test-method> <!-- tearDown -->
        <test-method is-config="true" signature="setUp()[pri:0, instance:com.crm.qa.testcases.LoginPageTest@1e04fa0a]" started-at="2021-12-09T14:15:36 EET" name="setUp" finished-at="2021-12-09T14:15:40 EET" duration-ms="3539" status="PASS">
          <reporter-output>
          </reporter-output>
        </test-method> <!-- setUp -->
        <test-method signature="loginTest()[pri:3, instance:com.crm.qa.testcases.LoginPageTest@1e04fa0a]" started-at="2021-12-09T14:15:40 EET" name="loginTest" finished-at="2021-12-09T14:15:44 EET" duration-ms="4038" status="PASS">
          <reporter-output>
          </reporter-output>
        </test-method> <!-- loginTest -->
        <test-method is-config="true" signature="tearDown()[pri:0, instance:com.crm.qa.testcases.LoginPageTest@1e04fa0a]" started-at="2021-12-09T14:15:44 EET" name="tearDown" finished-at="2021-12-09T14:15:44 EET" duration-ms="110" status="PASS">
          <reporter-output>
          </reporter-output>
        </test-method> <!-- tearDown -->
      </class> <!-- com.crm.qa.testcases.LoginPageTest -->
    </test> <!-- Free CRM App Test Cases -->
  </suite> <!-- FREE CRM Application Test Suit -->
</testng-results>
